2021-12-27 20:25:17 [main] DEBUG by.arabienko.service.impl.SelectCreditOptimal - Optimal offer have been generated.
2021-12-27 20:27:19 [main] DEBUG by.arabienko.service.impl.SelectCreditOptimal - Optimal offer have been generated.
2021-12-27 20:27:19 [main] DEBUG by.arabienko.service.impl.SelectCreditsForOffer - Offers have been generated.
2021-12-27 20:27:39 [main] DEBUG by.arabienko.service.impl.SelectCreditOptimal - Optimal offer have been generated.
2021-12-27 20:27:39 [main] DEBUG by.arabienko.service.impl.SelectCreditsForOffer - Offers have been generated.
2021-12-27 20:28:05 [main] DEBUG by.arabienko.service.impl.SelectCreditOptimal - Optimal offer have been generated.
2021-12-27 20:28:05 [main] DEBUG by.arabienko.service.impl.SelectCreditsForOffer - Offers have been generated.
2021-12-27 20:28:35 [main] DEBUG by.arabienko.service.impl.SelectCreditOptimal - Optimal offer have been generated.
2021-12-27 20:28:35 [main] DEBUG by.arabienko.service.impl.SelectCreditsForOffer - Offers have been generated.
2021-12-27 20:30:07 [main] DEBUG by.arabienko.service.impl.SelectCreditOptimal - Optimal offer have been generated.
2021-12-27 20:30:07 [main] DEBUG by.arabienko.service.impl.SelectCreditsForOffer - Offers have been generated.
2021-12-27 20:30:39 [main] DEBUG by.arabienko.service.impl.SelectCreditOptimal - Optimal offer have been generated.
2021-12-27 20:30:39 [main] DEBUG by.arabienko.service.impl.SelectCreditsForOffer - Offers have been generated.
2021-12-27 20:32:08 [main] DEBUG by.arabienko.service.impl.SelectCreditOptimal - Optimal offer have been generated.
2021-12-27 20:32:08 [main] DEBUG by.arabienko.service.impl.SelectCreditsForOffer - Offers have been generated.
2021-12-27 20:33:32 [main] DEBUG by.arabienko.service.impl.SelectCreditOptimal - Optimal offer have been generated.
2021-12-27 20:33:32 [main] DEBUG by.arabienko.service.impl.SelectCreditsForOffer - Offers have been generated.
2021-12-27 20:33:54 [main] DEBUG by.arabienko.service.impl.SelectCreditOptimal - Optimal offer have been generated.
2021-12-27 20:33:54 [main] DEBUG by.arabienko.service.impl.SelectCreditsForOffer - Offers have been generated.
2021-12-27 20:34:37 [main] DEBUG by.arabienko.service.impl.SelectCreditOptimal - Optimal offer have been generated.
2021-12-27 20:34:38 [main] DEBUG by.arabienko.service.impl.SelectCreditsForOffer - Offers have been generated.
2021-12-27 20:34:54 [main] DEBUG by.arabienko.service.impl.SelectCreditOptimal - Optimal offer have been generated.
2021-12-27 20:34:54 [main] DEBUG by.arabienko.service.impl.SelectCreditsForOffer - Offers have been generated.
2021-12-27 20:35:25 [main] DEBUG by.arabienko.service.impl.SelectCreditOptimal - Optimal offer have been generated.
2021-12-27 20:35:25 [main] DEBUG by.arabienko.service.impl.SelectCreditsForOffer - Offers have been generated.
2021-12-29 18:24:49 [main] DEBUG by.arabienko.service.impl.SelectCreditsForOffer - Offers have been generated.
2021-12-29 18:26:07 [main] DEBUG by.arabienko.service.impl.SelectCreditsForOffer - Offers have been generated.
2021-12-29 18:32:51 [main] DEBUG by.arabienko.service.impl.SelectCreditOptimal - Optimal offer have been generated.
2021-12-29 18:41:59 [main] DEBUG by.arabienko.service.impl.SelectCreditOptimal - Optimal offer have been generated.
2021-12-29 18:42:47 [main] DEBUG by.arabienko.service.impl.SelectCreditOptimal - Optimal offer have been generated.
2021-12-29 18:43:50 [main] DEBUG by.arabienko.service.impl.SelectCreditsForOffer - There is no suitable loan offer.
2021-12-29 18:46:31 [main] DEBUG by.arabienko.service.impl.SelectCreditsForOffer - Offers have been generated.
2021-12-29 18:46:56 [main] DEBUG by.arabienko.service.impl.SelectCreditsForOffer - Offers have been generated.
2021-12-30 18:58:35 [main] DEBUG by.arabienko.service.impl.SelectCreditsForOffer - Offers have been generated.
2021-12-30 19:05:48 [main] DEBUG by.arabienko.service.impl.SelectCreditsForOffer - Offers have been generated.
2021-12-30 19:06:40 [main] DEBUG by.arabienko.service.impl.SelectCreditsForOffer - Offers have been generated.
2021-12-30 19:07:15 [main] DEBUG by.arabienko.service.impl.SelectCreditsForOffer - Offers have been generated.
2021-12-30 19:07:54 [main] DEBUG by.arabienko.service.impl.SelectCreditsForOffer - Offers have been generated.
2021-12-30 19:10:24 [main] DEBUG by.arabienko.service.impl.SelectCreditsForOffer - Offers have been generated.
2021-12-30 19:11:28 [main] DEBUG by.arabienko.service.impl.SelectCreditsForOffer - Offers have been generated.
2021-12-30 19:11:49 [main] DEBUG by.arabienko.service.impl.SelectCreditOptimal - Optimal offer have been generated.
2021-12-30 19:13:53 [main] DEBUG by.arabienko.service.impl.SelectCreditOptimal - Optimal offer have been generated.
2021-12-30 19:15:46 [main] DEBUG by.arabienko.service.impl.SelectCreditOptimal - Optimal offer have been generated.
2021-12-30 19:26:49 [main] DEBUG by.arabienko.service.impl.SelectCreditOptimal - Optimal offer have been generated.
2021-12-30 19:28:18 [main] INFO  by.arabienko.controller.Runner - Start of selection of loan offers.
2021-12-30 19:28:30 [main] DEBUG by.arabienko.service.impl.ParseDateFromFileJson - File was parsed dataCredits
2021-12-30 19:28:30 [main] DEBUG by.arabienko.service.impl.SelectCreditsForOffer - Offers have been generated.
2021-12-30 19:28:30 [main] DEBUG by.arabienko.service.impl.WriteDateToFileJson - Writing was created.
2021-12-30 19:28:30 [main] DEBUG by.arabienko.service.impl.SelectCreditOptimal - Optimal offer have been generated.
2021-12-30 19:28:30 [main] DEBUG by.arabienko.service.impl.WriteDateToFileJson - Writing was created.
2021-12-30 19:28:30 [main] INFO  by.arabienko.controller.Runner - End of choice.
2021-12-30 19:44:36 [main] INFO  by.arabienko.controller.Runner - Start of selection of loan offers.
2021-12-30 19:44:46 [main] DEBUG by.arabienko.service.impl.ParseDateFromFileJson - File was parsed dataCredits
2021-12-30 19:44:46 [main] DEBUG by.arabienko.service.impl.SelectCreditsForOffer - Offers have been generated.
2021-12-30 19:44:46 [main] DEBUG by.arabienko.service.impl.WriteDateToFileJson - Writing was created.
2021-12-30 19:44:46 [main] ERROR by.arabienko.view.Client - Error input dates. java.lang.ClassCastException: class java.lang.Integer cannot be cast to class java.lang.Double (java.lang.Integer and java.lang.Double are in module java.base of loader 'bootstrap')
2021-12-30 19:44:46 [main] INFO  by.arabienko.controller.Runner - End of choice.
2021-12-30 19:48:46 [main] INFO  by.arabienko.controller.Runner - Start of selection of loan offers.
2021-12-30 19:48:57 [main] DEBUG by.arabienko.service.impl.ParseDateFromFileJson - File was parsed dataCredits
2021-12-30 19:48:57 [main] DEBUG by.arabienko.service.impl.SelectCreditsForOffer - Offers have been generated.
2021-12-30 19:48:57 [main] DEBUG by.arabienko.service.impl.WriteDateToFileJson - Writing was created.
2021-12-30 19:48:57 [main] ERROR by.arabienko.view.Client - Error input dates. java.lang.ClassCastException: class java.lang.String cannot be cast to class java.lang.Double (java.lang.String and java.lang.Double are in module java.base of loader 'bootstrap')
2021-12-30 19:48:57 [main] INFO  by.arabienko.controller.Runner - End of choice.
2021-12-30 19:49:22 [main] INFO  by.arabienko.controller.Runner - Start of selection of loan offers.
2021-12-30 19:49:31 [main] DEBUG by.arabienko.service.impl.ParseDateFromFileJson - File was parsed dataCredits
2021-12-30 19:49:31 [main] DEBUG by.arabienko.service.impl.SelectCreditsForOffer - Offers have been generated.
2021-12-30 19:49:31 [main] DEBUG by.arabienko.service.impl.WriteDateToFileJson - Writing was created.
2021-12-30 19:49:31 [main] ERROR by.arabienko.view.Client - Error input dates. java.lang.ClassCastException: class java.lang.String cannot be cast to class java.lang.Integer (java.lang.String and java.lang.Integer are in module java.base of loader 'bootstrap')
2021-12-30 19:49:31 [main] INFO  by.arabienko.controller.Runner - End of choice.
2021-12-30 19:50:13 [main] INFO  by.arabienko.controller.Runner - Start of selection of loan offers.
2021-12-30 19:50:20 [main] DEBUG by.arabienko.service.impl.ParseDateFromFileJson - File was parsed dataCredits
2021-12-30 19:50:20 [main] DEBUG by.arabienko.service.impl.SelectCreditsForOffer - Offers have been generated.
2021-12-30 19:50:20 [main] DEBUG by.arabienko.service.impl.WriteDateToFileJson - Writing was created.
2021-12-30 19:50:20 [main] ERROR by.arabienko.view.Client - Error input dates. java.lang.ClassCastException: class java.lang.Integer cannot be cast to class java.lang.Double (java.lang.Integer and java.lang.Double are in module java.base of loader 'bootstrap')
2021-12-30 19:50:20 [main] INFO  by.arabienko.controller.Runner - End of choice.
2021-12-30 19:53:59 [main] INFO  by.arabienko.controller.Runner - Start of selection of loan offers.
2021-12-30 19:54:36 [main] DEBUG by.arabienko.service.impl.ParseDateFromFileJson - File was parsed dataCredits
2021-12-30 19:54:36 [main] DEBUG by.arabienko.service.impl.SelectCreditsForOffer - Offers have been generated.
2021-12-30 19:54:36 [main] DEBUG by.arabienko.service.impl.WriteDateToFileJson - Writing was created.
2021-12-30 19:54:36 [main] DEBUG by.arabienko.service.impl.SelectCreditOptimal - Optimal offer have been generated.
2021-12-30 19:54:36 [main] DEBUG by.arabienko.service.impl.WriteDateToFileJson - Writing was created.
2021-12-30 19:54:36 [main] INFO  by.arabienko.controller.Runner - End of choice.
2021-12-30 20:06:27 [main] INFO  by.arabienko.controller.Runner - Start of selection of loan offers.
2021-12-30 20:06:35 [main] DEBUG by.arabienko.service.impl.ParseDateFromFileJson - File was parsed dataCredits
2021-12-30 20:06:35 [main] DEBUG by.arabienko.service.impl.SelectCreditsForOffer - Offers have been generated.
2021-12-30 20:06:35 [main] DEBUG by.arabienko.service.impl.WriteDateToFileJson - Writing was created.
2021-12-30 20:06:35 [main] DEBUG by.arabienko.service.impl.SelectCreditOptimal - Optimal offer have been generated.
2021-12-30 20:06:36 [main] DEBUG by.arabienko.service.impl.WriteDateToFileJson - Writing was created.
2021-12-30 20:06:36 [main] INFO  by.arabienko.controller.Runner - End of choice.
2021-12-30 20:09:12 [main] INFO  by.arabienko.controller.Runner - Start of selection of loan offers.
2021-12-30 20:09:24 [main] DEBUG by.arabienko.service.impl.ParseDateFromFileJson - File was parsed dataCredits
2021-12-30 20:09:24 [main] DEBUG by.arabienko.service.impl.SelectCreditsForOffer - Offers have been generated.
2021-12-30 20:09:24 [main] DEBUG by.arabienko.service.impl.WriteDateToFileJson - Writing was created.
2021-12-30 20:09:24 [main] DEBUG by.arabienko.service.impl.SelectCreditOptimal - Optimal offer have been generated.
2021-12-30 20:09:25 [main] DEBUG by.arabienko.service.impl.WriteDateToFileJson - Writing was created.
2021-12-30 20:09:25 [main] INFO  by.arabienko.controller.Runner - End of choice.
2021-12-30 20:12:02 [main] INFO  by.arabienko.controller.Runner - Start of selection of loan offers.
2021-12-30 20:12:14 [main] DEBUG by.arabienko.service.impl.ParseDateFromFileJson - File was parsed dataCredits
2021-12-30 20:12:14 [main] DEBUG by.arabienko.service.impl.SelectCreditsForOffer - Offers have been generated.
2021-12-30 20:12:14 [main] DEBUG by.arabienko.service.impl.WriteDateToFileJson - Writing was created.
2021-12-30 20:12:14 [main] DEBUG by.arabienko.service.impl.SelectCreditOptimal - Optimal offer have been generated.
2021-12-30 20:12:14 [main] DEBUG by.arabienko.service.impl.WriteDateToFileJson - Writing was created.
2021-12-30 20:12:14 [main] INFO  by.arabienko.controller.Runner - End of choice.
2021-12-30 20:18:03 [main] INFO  by.arabienko.controller.Runner - Start of selection of loan offers.
2021-12-30 20:18:09 [main] DEBUG by.arabienko.service.impl.ParseDateFromFileJson - File was parsed dataCredits
2021-12-30 20:18:09 [main] DEBUG by.arabienko.service.impl.SelectCreditsForOffer - Offers have been generated.
2021-12-30 20:18:09 [main] DEBUG by.arabienko.service.impl.WriteDateToFileJson - Writing was created.
2021-12-30 20:18:09 [main] DEBUG by.arabienko.service.impl.SelectCreditOptimal - Optimal offer have been generated.
2021-12-30 20:18:09 [main] DEBUG by.arabienko.service.impl.WriteDateToFileJson - Writing was created.
2021-12-30 20:18:09 [main] INFO  by.arabienko.controller.Runner - End of choice.
2021-12-30 20:18:48 [main] INFO  by.arabienko.controller.Runner - Start of selection of loan offers.
2021-12-30 20:18:53 [main] DEBUG by.arabienko.service.impl.ParseDateFromFileJson - File was parsed dataCredits
2021-12-30 20:18:53 [main] DEBUG by.arabienko.service.impl.SelectCreditsForOffer - Offers have been generated.
2021-12-30 20:18:53 [main] DEBUG by.arabienko.service.impl.WriteDateToFileJson - Writing was created.
2021-12-30 20:18:53 [main] DEBUG by.arabienko.service.impl.SelectCreditOptimal - Optimal offer have been generated.
2021-12-30 20:18:53 [main] DEBUG by.arabienko.service.impl.WriteDateToFileJson - Writing was created.
2021-12-30 20:18:53 [main] INFO  by.arabienko.controller.Runner - End of choice.
2021-12-30 20:19:22 [main] INFO  by.arabienko.controller.Runner - Start of selection of loan offers.
2021-12-30 20:19:27 [main] DEBUG by.arabienko.service.impl.ParseDateFromFileJson - File was parsed dataCredits
2021-12-30 20:19:27 [main] DEBUG by.arabienko.service.impl.SelectCreditsForOffer - Offers have been generated.
2021-12-30 20:19:27 [main] DEBUG by.arabienko.service.impl.WriteDateToFileJson - Writing was created.
2021-12-30 20:19:27 [main] DEBUG by.arabienko.service.impl.SelectCreditOptimal - Optimal offer have been generated.
2021-12-30 20:19:27 [main] DEBUG by.arabienko.service.impl.WriteDateToFileJson - Writing was created.
2021-12-30 20:19:27 [main] INFO  by.arabienko.controller.Runner - End of choice.
2021-12-30 20:20:44 [main] INFO  by.arabienko.controller.Runner - Start of selection of loan offers.
2021-12-30 20:20:50 [main] DEBUG by.arabienko.service.impl.ParseDateFromFileJson - File was parsed dataCredits
2021-12-30 20:20:50 [main] DEBUG by.arabienko.service.impl.SelectCreditsForOffer - Offers have been generated.
2021-12-30 20:20:50 [main] DEBUG by.arabienko.service.impl.WriteDateToFileJson - Writing was created.
2021-12-30 20:20:50 [main] DEBUG by.arabienko.service.impl.SelectCreditOptimal - Optimal offer have been generated.
2021-12-30 20:20:50 [main] DEBUG by.arabienko.service.impl.WriteDateToFileJson - Writing was created.
2021-12-30 20:20:50 [main] INFO  by.arabienko.controller.Runner - End of choice.
2021-12-30 20:21:15 [main] INFO  by.arabienko.controller.Runner - Start of selection of loan offers.
2021-12-30 20:24:38 [main] INFO  by.arabienko.controller.Runner - Start of selection of loan offers.
2021-12-30 20:24:53 [main] DEBUG by.arabienko.service.impl.ParseDateFromFileJson - File was parsed dataCredits
2021-12-30 20:24:53 [main] DEBUG by.arabienko.service.impl.SelectCreditsForOffer - Offers have been generated.
2021-12-30 20:24:53 [main] DEBUG by.arabienko.service.impl.WriteDateToFileJson - Writing was created.
2021-12-30 20:24:53 [main] DEBUG by.arabienko.service.impl.SelectCreditOptimal - Optimal offer have been generated.
2021-12-30 20:24:53 [main] DEBUG by.arabienko.service.impl.WriteDateToFileJson - Writing was created.
2021-12-30 20:24:53 [main] INFO  by.arabienko.controller.Runner - End of choice.
2021-12-30 20:27:00 [main] INFO  by.arabienko.controller.Runner - Start of selection of loan offers.
2021-12-30 20:27:09 [main] DEBUG by.arabienko.service.impl.ParseDateFromFileJson - File was parsed dataCredits
2021-12-30 20:27:09 [main] DEBUG by.arabienko.service.impl.SelectCreditsForOffer - Offers have been generated.
2021-12-30 20:27:09 [main] DEBUG by.arabienko.service.impl.WriteDateToFileJson - Writing was created.
2021-12-30 20:27:09 [main] DEBUG by.arabienko.service.impl.SelectCreditOptimal - Optimal offer have been generated.
2021-12-30 20:27:09 [main] DEBUG by.arabienko.service.impl.WriteDateToFileJson - Writing was created.
2021-12-30 20:27:09 [main] INFO  by.arabienko.controller.Runner - End of choice.
2021-12-30 20:27:46 [main] INFO  by.arabienko.controller.Runner - Start of selection of loan offers.
2021-12-30 20:27:52 [main] DEBUG by.arabienko.service.impl.ParseDateFromFileJson - File was parsed dataCredits
2021-12-30 20:27:52 [main] DEBUG by.arabienko.service.impl.SelectCreditsForOffer - Offers have been generated.
2021-12-30 20:27:52 [main] DEBUG by.arabienko.service.impl.WriteDateToFileJson - Writing was created.
2021-12-30 20:27:52 [main] DEBUG by.arabienko.service.impl.SelectCreditOptimal - Optimal offer have been generated.
2021-12-30 20:27:52 [main] DEBUG by.arabienko.service.impl.WriteDateToFileJson - Writing was created.
2021-12-30 20:27:52 [main] INFO  by.arabienko.controller.Runner - End of choice.
2021-12-30 20:29:05 [main] INFO  by.arabienko.controller.Runner - Start of selection of loan offers.
2021-12-30 20:29:13 [main] DEBUG by.arabienko.service.impl.ParseDateFromFileJson - File was parsed dataCredits
2021-12-30 20:29:13 [main] DEBUG by.arabienko.service.impl.SelectCreditsForOffer - Offers have been generated.
2021-12-30 20:29:13 [main] DEBUG by.arabienko.service.impl.WriteDateToFileJson - Writing was created.
2021-12-30 20:29:13 [main] DEBUG by.arabienko.service.impl.SelectCreditOptimal - Optimal offer have been generated.
2021-12-30 20:29:13 [main] DEBUG by.arabienko.service.impl.WriteDateToFileJson - Writing was created.
2021-12-30 20:29:13 [main] INFO  by.arabienko.controller.Runner - End of choice.
2021-12-30 20:33:58 [main] INFO  by.arabienko.controller.Runner - Start of selection of loan offers.
2021-12-30 20:34:06 [main] DEBUG by.arabienko.service.impl.ParseDateFromFileJson - File was parsed dataCredits
2021-12-30 20:34:06 [main] DEBUG by.arabienko.service.impl.SelectCreditsForOffer - Offers have been generated.
2021-12-30 20:34:06 [main] DEBUG by.arabienko.service.impl.WriteDateToFileJson - Writing was created.
2021-12-30 20:34:06 [main] DEBUG by.arabienko.service.impl.SelectCreditOptimal - Optimal offer have been generated.
2021-12-30 20:34:06 [main] DEBUG by.arabienko.service.impl.WriteDateToFileJson - Writing was created.
2021-12-30 20:34:06 [main] INFO  by.arabienko.controller.Runner - End of choice.
2021-12-30 20:34:30 [main] INFO  by.arabienko.controller.Runner - Start of selection of loan offers.
2021-12-30 20:34:37 [main] DEBUG by.arabienko.service.impl.ParseDateFromFileJson - File was parsed dataCredits
2021-12-30 20:34:37 [main] DEBUG by.arabienko.service.impl.SelectCreditsForOffer - Offers have been generated.
2021-12-30 20:34:37 [main] DEBUG by.arabienko.service.impl.WriteDateToFileJson - Writing was created.
2021-12-30 20:34:37 [main] DEBUG by.arabienko.service.impl.SelectCreditOptimal - Optimal offer have been generated.
2021-12-30 20:34:37 [main] DEBUG by.arabienko.service.impl.WriteDateToFileJson - Writing was created.
2021-12-30 20:34:37 [main] INFO  by.arabienko.controller.Runner - End of choice.
2021-12-30 20:35:06 [main] INFO  by.arabienko.controller.Runner - Start of selection of loan offers.
2021-12-30 20:35:13 [main] DEBUG by.arabienko.service.impl.ParseDateFromFileJson - File was parsed dataCredits
2021-12-30 20:35:13 [main] DEBUG by.arabienko.service.impl.SelectCreditsForOffer - Offers have been generated.
2021-12-30 20:35:13 [main] DEBUG by.arabienko.service.impl.WriteDateToFileJson - Writing was created.
2021-12-30 20:35:13 [main] DEBUG by.arabienko.service.impl.SelectCreditOptimal - Optimal offer have been generated.
2021-12-30 20:35:13 [main] DEBUG by.arabienko.service.impl.WriteDateToFileJson - Writing was created.
2021-12-30 20:35:13 [main] INFO  by.arabienko.controller.Runner - End of choice.
2021-12-30 20:36:23 [main] DEBUG by.arabienko.service.impl.SelectCreditsForOffer - Offers have been generated.
2021-12-30 20:38:01 [main] DEBUG by.arabienko.service.impl.SelectCreditsForOffer - Offers have been generated.
2021-12-31 08:23:19 [main] DEBUG by.arabienko.service.impl.SelectCreditsForOffer - Offers have been generated.
2021-12-31 08:24:41 [main] DEBUG by.arabienko.service.impl.SelectCreditsForOffer - Offers have been generated.
2021-12-31 08:25:03 [main] DEBUG by.arabienko.service.impl.SelectCreditsForOffer - Offers have been generated.
2021-12-31 08:26:37 [main] DEBUG by.arabienko.service.impl.SelectCreditsForOffer - Offers have been generated.
2021-12-31 08:27:16 [main] DEBUG by.arabienko.service.impl.SelectCreditsForOffer - Offers have been generated.
2021-12-31 08:31:10 [main] DEBUG by.arabienko.service.impl.SelectCreditsForOffer - Offers have been generated.
2021-12-31 08:32:47 [main] DEBUG by.arabienko.service.impl.SelectCreditsForOffer - Offers have been generated.
2021-12-31 08:33:34 [main] DEBUG by.arabienko.service.impl.SelectCreditsForOffer - Offers have been generated.
2021-12-31 08:33:44 [main] DEBUG by.arabienko.service.impl.SelectCreditOptimal - Optimal offer have been generated.
2021-12-31 08:47:22 [main] DEBUG by.arabienko.service.impl.SelectCreditOptimal - Optimal offer have been generated.
2021-12-31 08:47:22 [main] DEBUG by.arabienko.service.impl.SelectCreditsForOffer - Offers have been generated.
2021-12-31 09:13:25 [main] DEBUG by.arabienko.service.impl.SelectCreditsForOffer - Offers have been generated.
2021-12-31 09:14:01 [main] DEBUG by.arabienko.service.impl.SelectCreditsForOffer - Offers have been generated.
2021-12-31 09:14:58 [main] DEBUG by.arabienko.service.impl.SelectCreditsForOffer - Offers have been generated.
2021-12-31 09:14:58 [main] DEBUG by.arabienko.service.impl.SelectCreditsForOffer - Offers have been generated.
2021-12-31 09:33:13 [main] DEBUG by.arabienko.service.impl.SelectCreditsForOffer - Offers have been generated.
2021-12-31 09:33:13 [main] DEBUG by.arabienko.service.impl.SelectCreditsForOffer - There is no suitable loan offer.
2021-12-31 09:38:10 [main] DEBUG by.arabienko.service.impl.SelectCreditsForOffer - Offers have been generated.
2021-12-31 09:38:10 [main] DEBUG by.arabienko.service.impl.SelectCreditsForOffer - There is no suitable loan offer.
2021-12-31 09:40:37 [main] DEBUG by.arabienko.service.impl.SelectCreditsForOffer - Offers have been generated.
2021-12-31 09:40:37 [main] DEBUG by.arabienko.service.impl.SelectCreditsForOffer - There is no suitable loan offer.
2021-12-31 09:42:27 [main] DEBUG by.arabienko.service.impl.SelectCreditsForOffer - Offers have been generated.
2021-12-31 09:42:27 [main] DEBUG by.arabienko.service.impl.SelectCreditsForOffer - There is no suitable loan offer.
2021-12-31 09:43:23 [main] INFO  by.arabienko.controller.Runner - Start of selection of loan offers.
2021-12-31 09:43:36 [main] DEBUG by.arabienko.service.impl.ParseDateFromFileJson - File was parsed dataCredits
2021-12-31 09:43:36 [main] ERROR by.arabienko.view.Client - Error input dates. java.lang.NullPointerException
2021-12-31 09:43:36 [main] INFO  by.arabienko.controller.Runner - End of choice.
2021-12-31 09:44:33 [main] INFO  by.arabienko.controller.Runner - Start of selection of loan offers.
2021-12-31 09:44:42 [main] DEBUG by.arabienko.service.impl.ParseDateFromFileJson - File was parsed dataCredits
2021-12-31 09:44:42 [main] ERROR by.arabienko.view.Client - Error input dates. java.lang.NullPointerException
2021-12-31 09:44:42 [main] INFO  by.arabienko.controller.Runner - End of choice.
2021-12-31 09:45:15 [main] INFO  by.arabienko.controller.Runner - Start of selection of loan offers.
2021-12-31 09:45:23 [main] DEBUG by.arabienko.service.impl.ParseDateFromFileJson - File was parsed dataCredits
2021-12-31 09:45:23 [main] ERROR by.arabienko.view.Client - Error input dates. java.lang.NullPointerException
2021-12-31 09:45:23 [main] INFO  by.arabienko.controller.Runner - End of choice.
2021-12-31 09:46:59 [main] INFO  by.arabienko.controller.Runner - Start of selection of loan offers.
2021-12-31 09:47:06 [main] DEBUG by.arabienko.service.impl.ParseDateFromFileJson - File was parsed dataCredits
2021-12-31 09:47:06 [main] ERROR by.arabienko.view.Client - Error input dates. java.lang.NullPointerException
2021-12-31 09:47:06 [main] INFO  by.arabienko.controller.Runner - End of choice.
2021-12-31 09:48:12 [main] INFO  by.arabienko.controller.Runner - Start of selection of loan offers.
2021-12-31 09:48:20 [main] DEBUG by.arabienko.service.impl.ParseDateFromFileJson - File was parsed dataCredits
2021-12-31 09:48:20 [main] ERROR by.arabienko.view.Client - Error input dates. java.lang.NullPointerException
2021-12-31 09:48:20 [main] INFO  by.arabienko.controller.Runner - End of choice.
2021-12-31 09:49:18 [main] INFO  by.arabienko.controller.Runner - Start of selection of loan offers.
2021-12-31 09:49:25 [main] DEBUG by.arabienko.service.impl.ParseDateFromFileJson - File was parsed dataCredits
2021-12-31 09:49:25 [main] ERROR by.arabienko.view.Client - Error input dates. java.lang.NullPointerException
2021-12-31 09:49:25 [main] INFO  by.arabienko.controller.Runner - End of choice.
2021-12-31 09:50:02 [main] INFO  by.arabienko.controller.Runner - Start of selection of loan offers.
2021-12-31 09:50:13 [main] DEBUG by.arabienko.service.impl.ParseDateFromFileJson - File was parsed dataCredits
2021-12-31 09:50:13 [main] ERROR by.arabienko.view.Client - Error input dates. java.lang.NullPointerException
2021-12-31 09:50:13 [main] INFO  by.arabienko.controller.Runner - End of choice.
2021-12-31 09:51:35 [main] INFO  by.arabienko.controller.Runner - Start of selection of loan offers.
2021-12-31 09:51:42 [main] DEBUG by.arabienko.service.impl.ParseDateFromFileJson - File was parsed dataCredits
2021-12-31 09:51:42 [main] ERROR by.arabienko.view.Client - Error input dates. java.lang.NullPointerException
2021-12-31 09:51:42 [main] INFO  by.arabienko.controller.Runner - End of choice.
2021-12-31 09:52:16 [main] INFO  by.arabienko.controller.Runner - Start of selection of loan offers.
2021-12-31 09:52:23 [main] DEBUG by.arabienko.service.impl.ParseDateFromFileJson - File was parsed dataCredits
2021-12-31 09:52:23 [main] ERROR by.arabienko.view.Client - Error input dates. java.lang.NullPointerException
2021-12-31 09:52:23 [main] INFO  by.arabienko.controller.Runner - End of choice.
2021-12-31 09:54:31 [main] INFO  by.arabienko.controller.Runner - Start of selection of loan offers.
2021-12-31 09:54:38 [main] DEBUG by.arabienko.service.impl.ParseDateFromFileJson - File was parsed dataCredits
2021-12-31 09:54:38 [main] ERROR by.arabienko.view.Client - Error input dates. java.lang.NullPointerException
2021-12-31 09:54:38 [main] INFO  by.arabienko.controller.Runner - End of choice.
2021-12-31 09:55:31 [main] INFO  by.arabienko.controller.Runner - Start of selection of loan offers.
2021-12-31 09:55:35 [main] DEBUG by.arabienko.view.Client - Incorrect select purpose.
2021-12-31 09:55:35 [main] ERROR by.arabienko.view.Client - Error input dates. java.lang.Exception: Incorrect select purpose.
2021-12-31 09:55:35 [main] INFO  by.arabienko.controller.Runner - End of choice.
2021-12-31 09:55:40 [main] INFO  by.arabienko.controller.Runner - Start of selection of loan offers.
2021-12-31 09:55:47 [main] DEBUG by.arabienko.service.impl.ParseDateFromFileJson - File was parsed dataCredits
2021-12-31 09:55:47 [main] DEBUG by.arabienko.service.impl.SelectCreditsForOffer - Offers have been generated.
2021-12-31 09:55:47 [main] DEBUG by.arabienko.service.impl.WriteDateToFileJson - Writing was created.
2021-12-31 09:55:47 [main] DEBUG by.arabienko.service.impl.SelectCreditOptimal - Optimal offer have been generated.
2021-12-31 09:55:47 [main] DEBUG by.arabienko.service.impl.WriteDateToFileJson - Writing was created.
2021-12-31 09:55:47 [main] INFO  by.arabienko.controller.Runner - End of choice.
2021-12-31 09:56:44 [main] INFO  by.arabienko.controller.Runner - Start of selection of loan offers.
2021-12-31 09:56:50 [main] DEBUG by.arabienko.service.impl.ParseDateFromFileJson - File was parsed dataCredits
2021-12-31 09:56:50 [main] DEBUG by.arabienko.service.impl.SelectCreditsForOffer - Offers have been generated.
2021-12-31 09:56:50 [main] DEBUG by.arabienko.service.impl.WriteDateToFileJson - Writing was created.
2021-12-31 09:56:50 [main] DEBUG by.arabienko.service.impl.SelectCreditOptimal - Optimal offer have been generated.
2021-12-31 09:56:50 [main] DEBUG by.arabienko.service.impl.WriteDateToFileJson - Writing was created.
2021-12-31 09:56:50 [main] INFO  by.arabienko.controller.Runner - End of choice.
2021-12-31 09:57:17 [main] DEBUG by.arabienko.service.impl.SelectCreditsForOffer - Offers have been generated.
2021-12-31 09:57:17 [main] DEBUG by.arabienko.service.impl.SelectCreditsForOffer - There is no suitable loan offer.
2021-12-31 10:00:23 [main] DEBUG by.arabienko.service.impl.SelectCreditsForOffer - Offers have been generated.
2021-12-31 10:00:23 [main] DEBUG by.arabienko.service.impl.SelectCreditsForOffer - There is no suitable loan offer.
2021-12-31 10:01:03 [main] DEBUG by.arabienko.service.impl.SelectCreditsForOffer - Offers have been generated.
2021-12-31 10:01:03 [main] DEBUG by.arabienko.service.impl.SelectCreditsForOffer - There is no suitable loan offer.
2021-12-31 10:10:29 [main] DEBUG by.arabienko.service.impl.SelectCreditsForOffer - Offers have been generated.
2021-12-31 10:10:30 [main] DEBUG by.arabienko.service.impl.SelectCreditsForOffer - Offers have been generated.
2021-12-31 10:11:04 [main] DEBUG by.arabienko.service.impl.SelectCreditsForOffer - Offers have been generated.
2021-12-31 10:11:04 [main] DEBUG by.arabienko.service.impl.SelectCreditsForOffer - There is no suitable loan offer.
2021-12-31 10:11:36 [main] INFO  by.arabienko.controller.Runner - Start of selection of loan offers.
2021-12-31 10:11:47 [main] DEBUG by.arabienko.service.impl.ParseDateFromFileJson - File was parsed dataCredits
2021-12-31 10:11:47 [main] DEBUG by.arabienko.service.impl.SelectCreditsForOffer - Offers have been generated.
2021-12-31 10:11:47 [main] DEBUG by.arabienko.service.impl.WriteDateToFileJson - Writing was created.
2021-12-31 10:11:47 [main] DEBUG by.arabienko.service.impl.SelectCreditOptimal - Optimal offer have been generated.
2021-12-31 10:11:47 [main] DEBUG by.arabienko.service.impl.WriteDateToFileJson - Writing was created.
2021-12-31 10:11:47 [main] INFO  by.arabienko.controller.Runner - End of choice.
2021-12-31 10:13:30 [main] DEBUG by.arabienko.service.impl.SelectCreditsForOffer - Offers have been generated.
2021-12-31 10:13:30 [main] DEBUG by.arabienko.service.impl.SelectCreditsForOffer - There is no suitable loan offer.
2021-12-31 10:14:47 [main] DEBUG by.arabienko.service.impl.SelectCreditsForOffer - Offers have been generated.
2021-12-31 10:14:47 [main] DEBUG by.arabienko.service.impl.SelectCreditsForOffer - Offers have been generated.
2021-12-31 10:16:04 [main] DEBUG by.arabienko.service.impl.SelectCreditsForOffer - Offers have been generated.
2021-12-31 10:16:04 [main] DEBUG by.arabienko.service.impl.SelectCreditsForOffer - Offers have been generated.
2021-12-31 10:16:26 [main] DEBUG by.arabienko.service.impl.SelectCreditsForOffer - Offers have been generated.
2021-12-31 10:16:26 [main] DEBUG by.arabienko.service.impl.SelectCreditsForOffer - Offers have been generated.
2021-12-31 10:16:46 [main] DEBUG by.arabienko.service.impl.SelectCreditsForOffer - Offers have been generated.
2021-12-31 10:16:46 [main] DEBUG by.arabienko.service.impl.SelectCreditsForOffer - Offers have been generated.
2021-12-31 10:19:23 [main] DEBUG by.arabienko.service.impl.SelectCreditsForOffer - Offers have been generated.
2021-12-31 10:19:23 [main] DEBUG by.arabienko.service.impl.SelectCreditsForOffer - Offers have been generated.
2021-12-31 10:19:23 [main] DEBUG by.arabienko.service.impl.SelectCreditsForOffer - Offers have been generated.
2021-12-31 10:19:53 [main] DEBUG by.arabienko.service.impl.SelectCreditsForOffer - Offers have been generated.
2021-12-31 10:19:53 [main] DEBUG by.arabienko.service.impl.SelectCreditsForOffer - Offers have been generated.
2021-12-31 10:19:53 [main] DEBUG by.arabienko.service.impl.SelectCreditsForOffer - Offers have been generated.
2021-12-31 10:20:38 [main] DEBUG by.arabienko.service.impl.SelectCreditsForOffer - Offers have been generated.
2021-12-31 10:20:38 [main] DEBUG by.arabienko.service.impl.SelectCreditsForOffer - Offers have been generated.
2021-12-31 10:20:38 [main] DEBUG by.arabienko.service.impl.SelectCreditsForOffer - Offers have been generated.
2021-12-31 10:21:15 [main] DEBUG by.arabienko.service.impl.SelectCreditsForOffer - Offers have been generated.
2021-12-31 10:21:15 [main] DEBUG by.arabienko.service.impl.SelectCreditsForOffer - Offers have been generated.
2021-12-31 10:21:15 [main] DEBUG by.arabienko.service.impl.SelectCreditsForOffer - Offers have been generated.
2021-12-31 10:22:18 [main] DEBUG by.arabienko.service.impl.SelectCreditsForOffer - Offers have been generated.
2021-12-31 10:22:18 [main] DEBUG by.arabienko.service.impl.SelectCreditsForOffer - Offers have been generated.
2021-12-31 10:22:18 [main] DEBUG by.arabienko.service.impl.SelectCreditsForOffer - Offers have been generated.
2021-12-31 10:22:56 [main] DEBUG by.arabienko.service.impl.SelectCreditsForOffer - Offers have been generated.
2021-12-31 10:22:56 [main] DEBUG by.arabienko.service.impl.SelectCreditsForOffer - Offers have been generated.
2021-12-31 10:22:56 [main] DEBUG by.arabienko.service.impl.SelectCreditsForOffer - Offers have been generated.
2021-12-31 10:23:54 [main] DEBUG by.arabienko.service.impl.SelectCreditsForOffer - Offers have been generated.
2021-12-31 10:23:54 [main] DEBUG by.arabienko.service.impl.SelectCreditsForOffer - Offers have been generated.
2021-12-31 10:23:54 [main] DEBUG by.arabienko.service.impl.SelectCreditsForOffer - Offers have been generated.
2021-12-31 10:26:53 [main] DEBUG by.arabienko.service.impl.SelectCreditsForOffer - Offers have been generated.
2021-12-31 10:26:53 [main] DEBUG by.arabienko.service.impl.SelectCreditsForOffer - Offers have been generated.
2021-12-31 10:26:53 [main] DEBUG by.arabienko.service.impl.SelectCreditsForOffer - Offers have been generated.
2021-12-31 10:26:53 [main] DEBUG by.arabienko.service.impl.SelectCreditsForOffer - There is no suitable loan offer.
2021-12-31 10:30:50 [main] DEBUG by.arabienko.service.impl.SelectCreditsForOffer - Offers have been generated.
2021-12-31 10:30:50 [main] DEBUG by.arabienko.service.impl.SelectCreditsForOffer - Offers have been generated.
2021-12-31 10:30:50 [main] DEBUG by.arabienko.service.impl.SelectCreditsForOffer - Offers have been generated.
2021-12-31 10:30:50 [main] DEBUG by.arabienko.service.impl.SelectCreditsForOffer - There is no suitable loan offer.
2021-12-31 10:36:58 [main] DEBUG by.arabienko.service.impl.SelectCreditOptimal - Optimal offer have been generated.
2021-12-31 10:39:20 [main] DEBUG by.arabienko.service.impl.SelectCreditOptimal - Optimal offer have been generated.
2021-12-31 10:42:28 [main] DEBUG by.arabienko.service.impl.SelectCreditOptimal - Optimal offer have been generated.
2021-12-31 10:42:28 [main] DEBUG by.arabienko.service.impl.SelectCreditOptimal - Optimal offer have been generated.
2021-12-31 10:43:00 [main] DEBUG by.arabienko.service.impl.SelectCreditOptimal - Optimal offer have been generated.
2021-12-31 10:43:01 [main] DEBUG by.arabienko.service.impl.SelectCreditOptimal - Optimal offer have been generated.
2021-12-31 10:43:39 [main] DEBUG by.arabienko.service.impl.SelectCreditOptimal - Optimal offer have been generated.
2021-12-31 10:43:39 [main] DEBUG by.arabienko.service.impl.SelectCreditOptimal - Optimal offer have been generated.
2021-12-31 10:45:45 [main] DEBUG by.arabienko.service.impl.SelectCreditOptimal - Optimal offer have been generated.
2021-12-31 10:45:45 [main] DEBUG by.arabienko.service.impl.SelectCreditOptimal - Optimal offer have been generated.
2021-12-31 10:46:21 [main] DEBUG by.arabienko.service.impl.SelectCreditOptimal - Optimal offer have been generated.
2021-12-31 10:46:21 [main] DEBUG by.arabienko.service.impl.SelectCreditOptimal - Optimal offer have been generated.
2021-12-31 10:46:55 [main] DEBUG by.arabienko.service.impl.SelectCreditOptimal - Optimal offer have been generated.
2021-12-31 10:46:55 [main] DEBUG by.arabienko.service.impl.SelectCreditOptimal - Optimal offer have been generated.
2021-12-31 10:49:56 [main] DEBUG by.arabienko.service.impl.SelectCreditOptimal - Optimal offer have been generated.
2021-12-31 10:49:56 [main] DEBUG by.arabienko.service.impl.SelectCreditOptimal - Optimal offer have been generated.
2021-12-31 10:51:00 [main] DEBUG by.arabienko.service.impl.SelectCreditOptimal - Optimal offer have been generated.
2021-12-31 10:51:00 [main] DEBUG by.arabienko.service.impl.SelectCreditOptimal - Optimal offer have been generated.
2021-12-31 10:55:20 [main] DEBUG by.arabienko.service.impl.SelectCreditOptimal - Optimal offer have been generated.
2021-12-31 10:55:20 [main] DEBUG by.arabienko.service.impl.SelectCreditOptimal - Optimal offer have been generated.
2021-12-31 10:55:20 [main] DEBUG by.arabienko.service.impl.SelectCreditOptimal - There is no suitable loan offer.
2021-12-31 10:58:18 [main] DEBUG by.arabienko.service.impl.SelectCreditOptimal - Optimal offer have been generated.
2021-12-31 10:58:18 [main] DEBUG by.arabienko.service.impl.SelectCreditOptimal - Optimal offer have been generated.
2021-12-31 10:58:18 [main] DEBUG by.arabienko.service.impl.SelectCreditOptimal - There is no suitable loan offer.
2021-12-31 10:59:19 [main] DEBUG by.arabienko.service.impl.SelectCreditOptimal - Optimal offer have been generated.
2021-12-31 10:59:19 [main] DEBUG by.arabienko.service.impl.SelectCreditOptimal - Optimal offer have been generated.
2021-12-31 10:59:19 [main] DEBUG by.arabienko.service.impl.SelectCreditOptimal - There is no suitable loan offer.
2021-12-31 10:59:19 [main] DEBUG by.arabienko.service.impl.SelectCreditsForOffer - Offers have been generated.
2021-12-31 10:59:19 [main] DEBUG by.arabienko.service.impl.SelectCreditsForOffer - Offers have been generated.
2021-12-31 10:59:19 [main] DEBUG by.arabienko.service.impl.SelectCreditsForOffer - Offers have been generated.
2021-12-31 10:59:19 [main] DEBUG by.arabienko.service.impl.SelectCreditsForOffer - There is no suitable loan offer.
2022-01-04 09:42:48 [main] DEBUG by.arabienko.service.impl.ParseDateFromFileJson - File was parsed testDateParse
2022-01-04 09:44:13 [main] DEBUG by.arabienko.service.impl.ParseDateFromFileJson - File was parsed testDateParse
2022-01-04 09:48:15 [main] DEBUG by.arabienko.service.impl.ParseDateFromFileJson - File was parsed testDateParse
2022-01-04 09:49:13 [main] DEBUG by.arabienko.service.impl.ParseDateFromFileJson - File was parsed testDateParse
2022-01-04 09:49:34 [main] DEBUG by.arabienko.service.impl.ParseDateFromFileJson - File was parsed testDateParse
2022-01-04 09:50:51 [main] DEBUG by.arabienko.service.impl.ParseDateFromFileJson - File was parsed testDateParse
2022-01-04 09:53:31 [main] DEBUG by.arabienko.service.impl.ParseDateFromFileJson - File was parsed fileTest
2022-01-04 09:54:16 [main] DEBUG by.arabienko.service.impl.ParseDateFromFileJson - File was parsed fileTest
2022-01-04 09:55:41 [main] DEBUG by.arabienko.service.impl.ParseDateFromFileJson - File was parsed fileTest
2022-01-04 09:56:00 [main] DEBUG by.arabienko.service.impl.ParseDateFromFileJson - File was parsed fileTest
2022-01-04 09:56:28 [main] INFO  by.arabienko.controller.Runner - Start of selection of loan offers.
2022-01-04 09:56:38 [main] DEBUG by.arabienko.service.impl.ParseDateFromFileJson - File was parsed dataCredits
2022-01-04 09:56:38 [main] DEBUG by.arabienko.service.impl.SelectCreditsForOffer - Offers have been generated.
2022-01-04 09:56:38 [main] DEBUG by.arabienko.service.impl.WriteDateToFileJson - Writing was created.
2022-01-04 09:56:38 [main] DEBUG by.arabienko.service.impl.SelectCreditOptimal - Optimal offer have been generated.
2022-01-04 09:56:38 [main] DEBUG by.arabienko.service.impl.WriteDateToFileJson - Writing was created.
2022-01-04 09:56:38 [main] INFO  by.arabienko.controller.Runner - End of choice.
2022-01-04 09:57:56 [main] DEBUG by.arabienko.service.impl.ParseDateFromFileJson - File was parsed fileTest
2022-01-04 09:59:05 [main] DEBUG by.arabienko.service.impl.ParseDateFromFileJson - File was parsed fileTest
2022-01-04 09:59:58 [main] DEBUG by.arabienko.service.impl.ParseDateFromFileJson - File was parsed testDateParse
2022-01-04 10:00:54 [main] DEBUG by.arabienko.service.impl.ParseDateFromFileJson - File was parsed testDateParse
2022-01-04 10:03:07 [main] DEBUG by.arabienko.service.impl.ParseDateFromFileJson - File was parsed testDateParse
2022-01-04 10:03:29 [main] DEBUG by.arabienko.service.impl.ParseDateFromFileJson - File was parsed fileTest
2022-01-04 10:04:18 [main] DEBUG by.arabienko.service.impl.ParseDateFromFileJson - File was parsed fileTest
2022-01-28 19:02:49 [main] INFO  by.arabienko.controller.Runner - Start of selection of loan offers.
2022-01-28 19:03:01 [main] DEBUG by.arabienko.service.impl.ParseDateFromFileJson - File was parsed dataCredits
2022-01-28 19:03:01 [main] DEBUG by.arabienko.service.impl.SelectCreditsForOffer - Offers have been generated.
2022-01-28 19:03:01 [main] DEBUG by.arabienko.service.impl.WriteDateToFileJson - Writing was created.
2022-01-28 19:03:01 [main] DEBUG by.arabienko.service.impl.SelectCreditOptimal - Optimal offer have been generated.
2022-01-28 19:03:01 [main] DEBUG by.arabienko.service.impl.WriteDateToFileJson - Writing was created.
2022-01-28 19:03:01 [main] INFO  by.arabienko.controller.Runner - End of choice.
2022-01-28 19:04:19 [main] DEBUG by.arabienko.service.impl.ParseDateFromFileJson - File was parsed fileTest
2022-01-28 22:36:48 [main] INFO  by.arabienko.controller.Runner - Start of selection of loan offers.
2022-01-28 22:36:57 [main] DEBUG by.arabienko.service.impl.ParseDateFromFileJson - File was parsed dataCredits
2022-01-28 22:36:57 [main] DEBUG by.arabienko.service.impl.SelectCreditsForOffer - Offers have been generated.
2022-01-28 22:36:57 [main] DEBUG by.arabienko.service.impl.WriteDateToFileJson - Writing was created.
2022-01-28 22:36:57 [main] DEBUG by.arabienko.service.impl.SelectCreditOptimal - Optimal offer have been generated.
2022-01-28 22:36:57 [main] DEBUG by.arabienko.service.impl.WriteDateToFileJson - Writing was created.
2022-01-28 22:36:57 [main] INFO  by.arabienko.controller.Runner - End of choice.
