2022-01-29 12:29:35 [pool-2-thread-2] DEBUG task05thread.service.impl.thread.MatrixMultiplicationPhaser - thread ThreadPhaser-1started...
2022-01-29 12:29:35 [pool-2-thread-1] DEBUG task05thread.service.impl.thread.MatrixMultiplicationPhaser - thread ThreadPhaser-0started...
2022-01-29 12:30:37 [pool-2-thread-1] DEBUG task05thread.service.impl.thread.MatrixMultiplicationPhaser - thread ThreadPhaser-0 started...
2022-01-29 12:30:37 [pool-2-thread-2] DEBUG task05thread.service.impl.thread.MatrixMultiplicationPhaser - thread ThreadPhaser-1 started...
2022-01-29 12:30:37 [pool-2-thread-1] DEBUG task05thread.service.impl.thread.MatrixMultiplicationPhaser - thread ThreadPhaser-0 finished...
2022-01-29 12:30:37 [pool-2-thread-2] DEBUG task05thread.service.impl.thread.MatrixMultiplicationPhaser - thread ThreadPhaser-1 finished...
2022-01-29 12:31:27 [pool-2-thread-1] DEBUG task05thread.service.impl.thread.MatrixMultiplicationPhaser - thread ThreadPhaser-0 started...
2022-01-29 12:31:27 [pool-2-thread-2] DEBUG task05thread.service.impl.thread.MatrixMultiplicationPhaser - thread ThreadPhaser-1 started...
2022-01-29 12:31:27 [pool-2-thread-2] DEBUG task05thread.service.impl.thread.MatrixMultiplicationPhaser - thread ThreadPhaser-1 finished...
2022-01-29 12:31:27 [pool-2-thread-2] DEBUG task05thread.service.impl.thread.MatrixMultiplicationPhaser - thread ThreadPhaser-1 result= 
Matrix: 3 x 3
4.0 100.0 25.0 
400.0 64.0 8100.0 
1.0 0.0 0.0 

2022-01-29 12:31:27 [pool-2-thread-1] DEBUG task05thread.service.impl.thread.MatrixMultiplicationPhaser - thread ThreadPhaser-0 finished...
2022-01-29 12:31:27 [pool-2-thread-1] DEBUG task05thread.service.impl.thread.MatrixMultiplicationPhaser - thread ThreadPhaser-0 result= 
Matrix: 3 x 3
4.0 100.0 25.0 
400.0 64.0 8100.0 
1.0 0.0 0.0 

2022-01-29 14:18:41 [pool-3-thread-2] DEBUG task05thread.service.impl.thread.MatrixMultiplicationPhaser - thread ThreadPhaser-1 started...
2022-01-29 14:18:41 [pool-3-thread-1] DEBUG task05thread.service.impl.thread.MatrixMultiplicationPhaser - thread ThreadPhaser-0 started...
2022-01-29 14:18:41 [pool-3-thread-2] DEBUG task05thread.service.impl.thread.MatrixMultiplicationPhaser - thread ThreadPhaser-1 finished...
2022-01-29 14:18:41 [pool-3-thread-2] DEBUG task05thread.service.impl.thread.MatrixMultiplicationPhaser - thread ThreadPhaser-1 result= 
Matrix: 3 x 3
4.0 100.0 25.0 
400.0 64.0 8100.0 
1.0 0.0 0.0 

2022-01-29 14:18:42 [pool-3-thread-1] DEBUG task05thread.service.impl.thread.MatrixMultiplicationPhaser - thread ThreadPhaser-0 finished...
2022-01-29 14:18:42 [pool-3-thread-1] DEBUG task05thread.service.impl.thread.MatrixMultiplicationPhaser - thread ThreadPhaser-0 result= 
Matrix: 3 x 3
4.0 100.0 25.0 
400.0 64.0 8100.0 
1.0 0.0 0.0 

2022-01-29 14:47:59 [pool-3-thread-1] DEBUG task05thread.service.impl.thread.MatricesSum - thread ThreadSum-0 started sum...
2022-01-29 14:47:59 [pool-3-thread-2] DEBUG task05thread.service.impl.thread.MatricesSum - thread ThreadSum-1 started sum...
2022-01-29 14:47:59 [pool-3-thread-1] DEBUG task05thread.service.impl.thread.MatricesSum - thread ThreadSum-0 finished sum...
2022-01-29 14:47:59 [pool-3-thread-1] DEBUG task05thread.service.impl.thread.MatricesSum - thread ThreadSum-0 result sum= 
Matrix: 3 x 3
4.0 20.0 -10.0 
40.0 16.0 180.0 
-2.0 0.0 0.0 

2022-01-29 14:47:59 [pool-3-thread-2] DEBUG task05thread.service.impl.thread.MatricesSum - thread ThreadSum-1 finished sum...
2022-01-29 14:47:59 [pool-3-thread-2] DEBUG task05thread.service.impl.thread.MatricesSum - thread ThreadSum-1 result sum= 
Matrix: 3 x 3
4.0 20.0 -10.0 
40.0 16.0 180.0 
-2.0 0.0 0.0 

2022-01-29 14:53:14 [pool-3-thread-1] DEBUG task05thread.service.impl.thread.MatricesSum - thread Thread sum-0 started sum...
2022-01-29 14:53:14 [pool-3-thread-1] DEBUG task05thread.service.impl.thread.MatricesSum - thread Thread sum-0 finished sum...
2022-01-29 14:53:14 [pool-3-thread-1] DEBUG task05thread.service.impl.thread.MatricesSum - thread Thread sum-0 result sum= 
Matrix: 3 x 3
4.0 20.0 -10.0 
40.0 16.0 180.0 
-2.0 0.0 0.0 

2022-01-29 14:53:14 [pool-4-thread-1] DEBUG task05thread.service.impl.thread.MatricesSum - thread Thread sum-1 started sum...
2022-01-29 14:53:14 [pool-4-thread-1] DEBUG task05thread.service.impl.thread.MatricesSum - thread Thread sum-1 finished sum...
2022-01-29 14:53:14 [pool-4-thread-1] DEBUG task05thread.service.impl.thread.MatricesSum - thread Thread sum-1 result sum= 
Matrix: 3 x 3
4.0 20.0 -10.0 
40.0 16.0 180.0 
-2.0 0.0 0.0 

2022-01-29 14:54:38 [pool-3-thread-1] DEBUG arabienko.task05thread.service.thread.MatricesSum - thread Thread sum-0 started sum...
2022-01-29 14:54:38 [pool-3-thread-1] DEBUG arabienko.task05thread.service.thread.MatricesSum - thread Thread sum-0 finished sum...
2022-01-29 14:54:38 [pool-3-thread-1] DEBUG arabienko.task05thread.service.thread.MatricesSum - thread Thread sum-0 result sum= 
Matrix: 3 x 3
4.0 20.0 -10.0 
40.0 16.0 180.0 
-2.0 0.0 0.0 

2022-01-29 14:54:38 [pool-4-thread-1] DEBUG arabienko.task05thread.service.thread.MatricesSum - thread Thread sum-1 started sum...
2022-01-29 14:54:38 [pool-4-thread-1] DEBUG arabienko.task05thread.service.thread.MatricesSum - thread Thread sum-1 finished sum...
2022-01-29 14:54:38 [pool-4-thread-1] DEBUG arabienko.task05thread.service.thread.MatricesSum - thread Thread sum-1 result sum= 
Matrix: 3 x 3
4.0 20.0 -10.0 
40.0 16.0 180.0 
-2.0 0.0 0.0 

2022-01-29 15:13:42 [pool-3-thread-1] DEBUG arabienko.task05thread.service.thread.MatricesSum - thread Thread sum-0 started sum...
2022-01-29 15:13:42 [pool-3-thread-1] DEBUG arabienko.task05thread.service.thread.MatricesSum - thread Thread sum-0 finished sum...
2022-01-29 15:13:42 [pool-3-thread-1] DEBUG arabienko.task05thread.service.thread.MatricesSum - thread Thread sum-0 result sum= 
Matrix: 3 x 3
4.0 20.0 -10.0 
40.0 16.0 180.0 
-2.0 0.0 0.0 

2022-01-29 15:13:42 [pool-4-thread-1] DEBUG arabienko.task05thread.service.thread.MatricesSum - thread Thread sum-1 started sum...
2022-01-29 15:13:42 [pool-4-thread-1] DEBUG arabienko.task05thread.service.thread.MatricesSum - thread Thread sum-1 finished sum...
2022-01-29 15:13:42 [pool-4-thread-1] DEBUG arabienko.task05thread.service.thread.MatricesSum - thread Thread sum-1 result sum= 
Matrix: 3 x 3
4.0 20.0 -10.0 
40.0 16.0 180.0 
-2.0 0.0 0.0 

2022-01-29 15:13:42 [pool-2-thread-2] DEBUG arabienko.task05thread.service.thread.ThreadsCreateArray - thread thread create array-0 started create array...
2022-01-29 15:13:42 [pool-2-thread-2] DEBUG arabienko.task05thread.service.thread.ThreadsCreateArray - thread thread create array-0 finished create array...
2022-01-29 15:13:42 [pool-2-thread-2] DEBUG arabienko.task05thread.service.thread.ThreadsCreateArray - thread thread create array-0 result array= 
Massive: 8 elements 
1, 2, 5, 8, 9, -10, 5, 6, 
2022-01-29 15:13:42 [pool-2-thread-2] DEBUG arabienko.task05thread.service.thread.ThreadsCreateArray - thread thread create array-1 started create array...
2022-01-29 15:13:42 [pool-2-thread-2] DEBUG arabienko.task05thread.service.thread.ThreadsCreateArray - thread thread create array-1 finished create array...
2022-01-29 15:13:42 [pool-2-thread-2] DEBUG arabienko.task05thread.service.thread.ThreadsCreateArray - thread thread create array-1 result array= 
Massive: 8 elements 
1, 2, 5, 8, 9, -10, 5, 6, 
2022-01-29 15:13:42 [pool-2-thread-2] DEBUG arabienko.task05thread.service.thread.ThreadsCreateArray - thread thread create array-2 started create array...
2022-01-29 15:13:42 [pool-2-thread-2] DEBUG arabienko.task05thread.service.thread.ThreadsCreateArray - thread thread create array-2 finished create array...
2022-01-29 15:13:42 [pool-2-thread-2] DEBUG arabienko.task05thread.service.thread.ThreadsCreateArray - thread thread create array-2 result array= 
Massive: 8 elements 
1, 2, 5, 8, 9, -10, 5, 6, 
2022-01-29 15:14:14 [pool-3-thread-1] DEBUG arabienko.task05thread.service.thread.MatricesSum - thread Thread sum-0 started sum...
2022-01-29 15:14:14 [pool-3-thread-1] DEBUG arabienko.task05thread.service.thread.MatricesSum - thread Thread sum-0 finished sum...
2022-01-29 15:14:14 [pool-3-thread-1] DEBUG arabienko.task05thread.service.thread.MatricesSum - thread Thread sum-0 result sum= 
Matrix: 3 x 3
4.0 20.0 -10.0 
40.0 16.0 180.0 
-2.0 0.0 0.0 

2022-01-29 15:14:14 [pool-4-thread-1] DEBUG arabienko.task05thread.service.thread.MatricesSum - thread Thread sum-1 started sum...
2022-01-29 15:14:14 [pool-4-thread-1] DEBUG arabienko.task05thread.service.thread.MatricesSum - thread Thread sum-1 finished sum...
2022-01-29 15:14:14 [pool-4-thread-1] DEBUG arabienko.task05thread.service.thread.MatricesSum - thread Thread sum-1 result sum= 
Matrix: 3 x 3
4.0 20.0 -10.0 
40.0 16.0 180.0 
-2.0 0.0 0.0 

2022-01-29 15:14:14 [pool-2-thread-2] DEBUG arabienko.task05thread.service.thread.ThreadsCreateArray - thread thread create array-0 started create array...
2022-01-29 15:14:14 [pool-2-thread-2] DEBUG arabienko.task05thread.service.thread.ThreadsCreateArray - thread thread create array-0 finished create array...
2022-01-29 15:14:14 [pool-2-thread-2] DEBUG arabienko.task05thread.service.thread.ThreadsCreateArray - thread thread create array-0 result array= 
Massive: 8 elements 
1, 2, 5, 8, 9, -10, 5, 6, 
2022-01-29 15:14:14 [pool-2-thread-2] DEBUG arabienko.task05thread.service.thread.ThreadsCreateArray - thread thread create array-1 started create array...
2022-01-29 15:14:14 [pool-2-thread-2] DEBUG arabienko.task05thread.service.thread.ThreadsCreateArray - thread thread create array-1 finished create array...
2022-01-29 15:14:14 [pool-2-thread-2] DEBUG arabienko.task05thread.service.thread.ThreadsCreateArray - thread thread create array-1 result array= 
Massive: 8 elements 
1, 2, 5, 8, 9, -10, 5, 6, 
2022-01-29 15:14:14 [pool-2-thread-2] DEBUG arabienko.task05thread.service.thread.ThreadsCreateArray - thread thread create array-2 started create array...
2022-01-29 15:14:14 [pool-2-thread-2] DEBUG arabienko.task05thread.service.thread.ThreadsCreateArray - thread thread create array-2 finished create array...
2022-01-29 15:14:14 [pool-2-thread-2] DEBUG arabienko.task05thread.service.thread.ThreadsCreateArray - thread thread create array-2 result array= 
Massive: 8 elements 
1, 2, 5, 8, 9, -10, 5, 6, 
